<?xml version="1.0" encoding="UTF-8"?>
<!-- Generated by org.testng.reporters.JUnitReportReporter -->
<testsuite hostname="AmitSen-PC" failures="0" tests="1" name="guruBankTestCases.TC_LoginExcl_002" time="4.456" errors="0" timestamp="2022-02-01T11:40:10 IST" skipped="0">
  <testcase classname="guruBankTestCases.TC_LoginExcl_002" name="validateLogin" time="4.456"/>
  <system-out/>
</testsuite> <!-- guruBankTestCases.TC_LoginExcl_002 -->
