<?xml version="1.0" encoding="UTF-8"?>
<!-- Generated by org.testng.reporters.JUnitReportReporter -->
<testsuite hostname="AmitSen-PC" failures="0" tests="4" name="testCode_Mod8.gmailValidation" time="26.390" errors="0" timestamp="2020-03-04T10:46:01 IST" skipped="0">
  <testcase classname="testCode_Mod8.gmailValidation" name="c_validateLogout" time="2.522"/>
  <system-out/>
  <testcase classname="testCode_Mod8.gmailValidation" name="b_validateSendMail" time="11.492"/>
  <system-out/>
  <testcase classname="testCode_Mod8.gmailValidation" name="d_browserClose" time="0.679"/>
  <system-out/>
  <testcase classname="testCode_Mod8.gmailValidation" name="a_validateLogin" time="11.697"/>
  <system-out/>
</testsuite> <!-- testCode_Mod8.gmailValidation -->
